[    0.000000] Linux version 4.15.0-212-generic (buildd@lcy02-amd64-083) (gcc version 7.5.0 (Ubuntu 7.5.0-3ubuntu1~18.04)) #223-Ubuntu SMP Tue May 23 13:09:22 UTC 2023 (Ubuntu 4.15.0-212.223-generic 4.15.18)
[    0.000000] Command line: BOOT_IMAGE=/boot/vmlinuz-4.15.0-212-generic root=LABEL=cloudimg-rootfs ro console=tty1 console=ttyS0
[    0.000000] KERNEL supported cpus:
[    0.000000]   Intel GenuineIntel
[    0.000000]   AMD AuthenticAMD
[    0.000000]   Centaur CentaurHauls
[    0.000000] x86/fpu: Supporting XSAVE feature 0x001: 'x87 floating point registers'
[    0.000000] x86/fpu: Supporting XSAVE feature 0x002: 'SSE registers'
[    0.000000] x86/fpu: Supporting XSAVE feature 0x004: 'AVX registers'
[    0.000000] x86/fpu: xstate_offset[2]:  576, xstate_sizes[2]:  256
[    0.000000] x86/fpu: Enabled xstate features 0x7, context size is 832 bytes, using 'standard' format.
[    0.000000] e820: BIOS-provided physical RAM map:
[    0.000000] BIOS-e820: [mem 0x0000000000000000-0x000000000009fbff] usable
[    0.000000] BIOS-e820: [mem 0x000000000009fc00-0x000000000009ffff] reserved
[    0.000000] BIOS-e820: [mem 0x00000000000f0000-0x00000000000fffff] reserved
[    0.000000] BIOS-e820: [mem 0x0000000000100000-0x000000000ffeffff] usable
[    0.000000] BIOS-e820: [mem 0x000000000fff0000-0x000000000fffffff] ACPI data
[    0.000000] BIOS-e820: [mem 0x00000000fec00000-0x00000000fec00fff] reserved
[    0.000000] BIOS-e820: [mem 0x00000000fee00000-0x00000000fee00fff] reserved
[    0.000000] BIOS-e820: [mem 0x00000000fffc0000-0x00000000ffffffff] reserved
[    0.000000] NX (Execute Disable) protection: active
[    0.000000] SMBIOS 2.5 present.
[    0.000000] DMI: innotek GmbH VirtualBox/VirtualBox, BIOS VirtualBox 12/01/2006
[    0.000000] Hypervisor detected: KVM
[    0.000000] e820: last_pfn = 0xfff0 max_arch_pfn = 0x400000000
[    0.000000] MTRR: Disabled
[    0.000000] x86/PAT: MTRRs disabled, skipping PAT initialization too.
[    0.000000] CPU MTRRs all blank - virtualized system.
[    0.000000] x86/PAT: Configuration [0-7]: WB  WT  UC- UC  WB  WT  UC- UC  
[    0.000000] found SMP MP-table at [mem 0x0009fff0-0x0009ffff]
[    0.000000] Scanning 1 areas for low memory corruption
[    0.000000] RAMDISK: [mem 0x0db01000-0x0ee12fff]
[    0.000000] ACPI: Early table checksum verification disabled
[    0.000000] ACPI: RSDP 0x00000000000E0000 000024 (v02 VBOX  )
[    0.000000] ACPI: XSDT 0x000000000FFF0030 00003C (v01 VBOX   VBOXXSDT 00000001 ASL  00000061)
[    0.000000] ACPI: FACP 0x000000000FFF00F0 0000F4 (v04 VBOX   VBOXFACP 00000001 ASL  00000061)
[    0.000000] ACPI: DSDT 0x000000000FFF0610 002353 (v02 VBOX   VBOXBIOS 00000002 INTL 20100528)
[    0.000000] ACPI: FACS 0x000000000FFF0200 000040
[    0.000000] ACPI: FACS 0x000000000FFF0200 000040
[    0.000000] ACPI: APIC 0x000000000FFF0240 000054 (v02 VBOX   VBOXAPIC 00000001 ASL  00000061)
[    0.000000] ACPI: SSDT 0x000000000FFF02A0 00036C (v01 VBOX   VBOXCPUT 00000002 INTL 20100528)
[    0.000000] ACPI: Reserving FACP table memory at [mem 0xfff00f0-0xfff01e3]
[    0.000000] ACPI: Reserving DSDT table memory at [mem 0xfff0610-0xfff2962]
[    0.000000] ACPI: Reserving FACS table memory at [mem 0xfff0200-0xfff023f]
[    0.000000] ACPI: Reserving FACS table memory at [mem 0xfff0200-0xfff023f]
[    0.000000] ACPI: Reserving APIC table memory at [mem 0xfff0240-0xfff0293]
[    0.000000] ACPI: Reserving SSDT table memory at [mem 0xfff02a0-0xfff060b]
[    0.000000] No NUMA configuration found
[    0.000000] Faking a node at [mem 0x0000000000000000-0x000000000ffeffff]
[    0.000000] NODE_DATA(0) allocated [mem 0x0ffc5000-0x0ffeffff]
[    0.000000] kvm-clock: cpu 0, msr 0:ff44001, primary cpu clock
[    0.000000] kvm-clock: Using msrs 4b564d01 and 4b564d00
[    0.000000] kvm-clock: using sched offset of 5630760349 cycles
[    0.000000] clocksource: kvm-clock: mask: 0xffffffffffffffff max_cycles: 0x1cd42e4dffb, max_idle_ns: 881590591483 ns
[    0.000000] Zone ranges:
[    0.000000]   DMA      [mem 0x0000000000001000-0x0000000000ffffff]
[    0.000000]   DMA32    [mem 0x0000000001000000-0x000000000ffeffff]
[    0.000000]   Normal   empty
[    0.000000]   Device   empty
[    0.000000] Movable zone start for each node
[    0.000000] Early memory node ranges
[    0.000000]   node   0: [mem 0x0000000000001000-0x000000000009efff]
[    0.000000]   node   0: [mem 0x0000000000100000-0x000000000ffeffff]
[    0.000000] Reserved but unavailable: 104 pages
[    0.000000] Initmem setup node 0 [mem 0x0000000000001000-0x000000000ffeffff]
[    0.000000] ACPI: PM-Timer IO Port: 0x4008
[    0.000000] IOAPIC[0]: apic_id 1, version 32, address 0xfec00000, GSI 0-23
[    0.000000] ACPI: INT_SRC_OVR (bus 0 bus_irq 0 global_irq 2 dfl dfl)
[    0.000000] ACPI: INT_SRC_OVR (bus 0 bus_irq 9 global_irq 9 low level)
[    0.000000] Using ACPI (MADT) for SMP configuration information
[    0.000000] smpboot: Allowing 1 CPUs, 0 hotplug CPUs
[    0.000000] PM: Registered nosave memory: [mem 0x00000000-0x00000fff]
[    0.000000] PM: Registered nosave memory: [mem 0x0009f000-0x0009ffff]
[    0.000000] PM: Registered nosave memory: [mem 0x000a0000-0x000effff]
[    0.000000] PM: Registered nosave memory: [mem 0x000f0000-0x000fffff]
[    0.000000] e820: [mem 0x10000000-0xfebfffff] available for PCI devices
[    0.000000] Booting paravirtualized kernel on KVM
[    0.000000] clocksource: refined-jiffies: mask: 0xffffffff max_cycles: 0xffffffff, max_idle_ns: 7645519600211568 ns
[    0.000000] setup_percpu: NR_CPUS:8192 nr_cpumask_bits:1 nr_cpu_ids:1 nr_node_ids:1
[    0.000000] percpu: Embedded 50 pages/cpu s167936 r8192 d28672 u2097152
[    0.000000] PV qspinlock hash table entries: 256 (order: 0, 4096 bytes)
[    0.000000] Built 1 zonelists, mobility grouping on.  Total pages: 64377
[    0.000000] Policy zone: DMA32
[    0.000000] Kernel command line: BOOT_IMAGE=/boot/vmlinuz-4.15.0-212-generic root=LABEL=cloudimg-rootfs ro console=tty1 console=ttyS0
[    0.000000] Memory: 208700K/261688K available (12300K kernel code, 2477K rwdata, 4324K rodata, 2480K init, 2720K bss, 52988K reserved, 0K cma-reserved)
[    0.000000] SLUB: HWalign=64, Order=0-3, MinObjects=0, CPUs=1, Nodes=1
[    0.000000] Kernel/User page tables isolation: enabled
[    0.000000] ftrace: allocating 39508 entries in 155 pages
[    0.004000] Hierarchical RCU implementation.
[    0.004000] 	RCU restricting CPUs from NR_CPUS=8192 to nr_cpu_ids=1.
[    0.004000] 	Tasks RCU enabled.
[    0.004000] RCU: Adjusting geometry for rcu_fanout_leaf=16, nr_cpu_ids=1
[    0.004000] NR_IRQS: 524544, nr_irqs: 256, preallocated irqs: 16
[    0.004000] random: crng init done
[    0.004000] Console: colour VGA+ 80x25
[    0.004000] console [tty1] enabled
[    0.004000] console [ttyS0] enabled
[    0.004000] ACPI: Core revision 20170831
[    0.004000] ACPI: 2 ACPI AML tables successfully acquired and loaded
[    0.004000] APIC: Switch to symmetric I/O mode setup
[    0.004000] x2apic enabled
[    0.004010] Switched APIC routing to physical x2apic.
[    0.007772] ..TIMER: vector=0x30 apic1=0 pin1=2 apic2=-1 pin2=-1
[    0.008005] tsc: Detected 2399.996 MHz processor
[    0.012016] Calibrating delay loop (skipped) preset value.. 4799.99 BogoMIPS (lpj=9599984)
[    0.014840] pid_max: default: 32768 minimum: 301
[    0.016057] Security Framework initialized
[    0.017743] Yama: becoming mindful.
[    0.020067] AppArmor: AppArmor initialized
[    0.021628] Dentry cache hash table entries: 32768 (order: 6, 262144 bytes)
[    0.024041] Inode-cache hash table entries: 16384 (order: 5, 131072 bytes)
[    0.026285] Mount-cache hash table entries: 512 (order: 0, 4096 bytes)
[    0.028007] Mountpoint-cache hash table entries: 512 (order: 0, 4096 bytes)
[    0.030704] process: using mwait in idle threads
[    0.032010] Last level iTLB entries: 4KB 64, 2MB 8, 4MB 8
[    0.033967] Last level dTLB entries: 4KB 64, 2MB 0, 4MB 0, 1GB 4
[    0.036006] Spectre V1 : Mitigation: usercopy/swapgs barriers and __user pointer sanitization
[    0.038870] Spectre V2 : Mitigation: Retpolines
[    0.040003] Spectre V2 : Spectre v2 / SpectreRSB mitigation: Filling RSB on context switch
[    0.042957] Spectre V2 : Spectre v2 / SpectreRSB : Filling RSB on VMEXIT
[    0.044004] RETBleed: WARNING: Spectre v2 mitigation leaves CPU vulnerable to RETBleed attacks, data leaks possible!
[    0.048003] RETBleed: Vulnerable
[    0.049130] Speculative Store Bypass: Vulnerable
[    0.052171] MDS: Mitigation: Clear CPU buffers
[    0.053969] MMIO Stale Data: Mitigation: Clear CPU buffers
[    0.056004] SRBDS: Unknown: Dependent on hypervisor status
[    0.083049] Freeing SMP alternatives memory: 36K
[    0.195803] smpboot: CPU0: Intel(R) Core(TM) i5-6200U CPU @ 2.30GHz (family: 0x6, model: 0x4e, stepping: 0x3)
[    0.196000] Performance Events: unsupported p6 CPU model 78 no PMU driver, software events only.
[    0.196064] Hierarchical SRCU implementation.
[    0.200872] NMI watchdog: Perf event create on CPU 0 failed with -2
[    0.204005] NMI watchdog: Perf NMI watchdog permanently disabled
[    0.206811] smp: Bringing up secondary CPUs ...
[    0.208009] smp: Brought up 1 node, 1 CPU
[    0.210175] smpboot: Max logical packages: 1
[    0.212011] smpboot: Total of 1 processors activated (4799.99 BogoMIPS)
[    0.216242] devtmpfs: initialized
[    0.218830] x86/mm: Memory block size: 128MB
[    0.220202] evm: security.selinux
[    0.224008] evm: security.SMACK64
[    0.225349] evm: security.SMACK64EXEC
[    0.226746] evm: security.SMACK64TRANSMUTE
[    0.228004] evm: security.SMACK64MMAP
[    0.229717] evm: security.apparmor
[    0.231027] evm: security.ima
[    0.232004] evm: security.capability
[    0.233552] clocksource: jiffies: mask: 0xffffffff max_cycles: 0xffffffff, max_idle_ns: 7645041785100000 ns
[    0.236017] futex hash table entries: 256 (order: 2, 16384 bytes)
[    0.238468] pinctrl core: initialized pinctrl subsystem
[    0.240167] RTC time: 20:34:12, date: 08/05/24
[    0.241734] NET: Registered protocol family 16
[    0.244082] audit: initializing netlink subsys (disabled)
[    0.246247] cpuidle: using governor ladder
[    0.247735] cpuidle: using governor menu
[    0.248085] ACPI: bus type PCI registered
[    0.249436] acpiphp: ACPI Hot Plug PCI Controller Driver version: 0.5
[    0.252010] audit: type=2000 audit(1722890059.553:1): state=initialized audit_enabled=0 res=1
[    0.255033] PCI: Using configuration type 1 for base access
[    0.257922] HugeTLB registered 2.00 MiB page size, pre-allocated 0 pages
[    0.260274] ACPI: Added _OSI(Module Device)
[    0.261776] ACPI: Added _OSI(Processor Device)
[    0.264007] ACPI: Added _OSI(3.0 _SCP Extensions)
[    0.265926] ACPI: Added _OSI(Processor Aggregator Device)
[    0.268014] ACPI: Added _OSI(Linux-Dell-Video)
[    0.269724] ACPI: Added _OSI(Linux-Lenovo-NV-HDMI-Audio)
[    0.272017] ACPI: Added _OSI(Linux-HPI-Hybrid-Graphics)
[    0.274343] ACPI: Executed 1 blocks of module-level executable AML code
[    0.282747] ACPI: Interpreter enabled
[    0.284000] ACPI: (supports S0 S5)
[    0.284003] ACPI: Using IOAPIC for interrupt routing
[    0.286500] PCI: Using host bridge windows from ACPI; if necessary, use "pci=nocrs" and report a bug
[    0.288330] ACPI: Enabled 2 GPEs in block 00 to 07
[    0.304491] ACPI: PCI Root Bridge [PCI0] (domain 0000 [bus 00-ff])
[    0.306686] acpi PNP0A03:00: _OSC: OS supports [ASPM ClockPM Segments MSI]
[    0.308979] acpi PNP0A03:00: _OSC: not requesting OS control; OS requires [ExtendedConfig ASPM ClockPM MSI]
[    0.312022] acpi PNP0A03:00: fail to add MMCONFIG information, can't access extended PCI configuration space under this bridge.
[    0.316758] PCI host bridge to bus 0000:00
[    0.319600] pci_bus 0000:00: root bus resource [io  0x0000-0x0cf7 window]
[    0.320005] pci_bus 0000:00: root bus resource [io  0x0d00-0xffff window]
[    0.324005] pci_bus 0000:00: root bus resource [mem 0x000a0000-0x000bffff window]
[    0.328008] pci_bus 0000:00: root bus resource [mem 0x10000000-0xfdffffff window]
[    0.330461] pci_bus 0000:00: root bus resource [bus 00-ff]
[    0.336372] pci 0000:00:01.1: legacy IDE quirk: reg 0x10: [io  0x01f0-0x01f7]
[    0.339070] pci 0000:00:01.1: legacy IDE quirk: reg 0x14: [io  0x03f6]
[    0.340008] pci 0000:00:01.1: legacy IDE quirk: reg 0x18: [io  0x0170-0x0177]
[    0.342234] pci 0000:00:01.1: legacy IDE quirk: reg 0x1c: [io  0x0376]
[    0.357647] pci 0000:00:07.0: quirk: [io  0x4000-0x403f] claimed by PIIX4 ACPI
[    0.360004] pci 0000:00:07.0: quirk: [io  0x4100-0x410f] claimed by PIIX4 SMB
[    0.371380] ACPI: PCI Interrupt Link [LNKA] (IRQs 5 9 10 *11)
[    0.372474] ACPI: PCI Interrupt Link [LNKB] (IRQs 5 9 *10 11)
[    0.376146] ACPI: PCI Interrupt Link [LNKC] (IRQs 5 *9 10 11)
[    0.378279] ACPI: PCI Interrupt Link [LNKD] (IRQs 5 9 10 *11)
[    0.380496] SCSI subsystem initialized
[    0.382045] pci 0000:00:02.0: vgaarb: setting as boot VGA device
[    0.384000] pci 0000:00:02.0: vgaarb: VGA device added: decodes=io+mem,owns=io+mem,locks=none
[    0.384006] pci 0000:00:02.0: vgaarb: bridge control possible
[    0.388003] vgaarb: loaded
[    0.389032] ACPI: bus type USB registered
[    0.392031] usbcore: registered new interface driver usbfs
[    0.393960] usbcore: registered new interface driver hub
[    0.396025] usbcore: registered new device driver usb
[    0.400108] EDAC MC: Ver: 3.0.0
[    0.401780] PCI: Using ACPI for IRQ routing
[    0.404522] NetLabel: Initializing
[    0.405821] NetLabel:  domain hash size = 128
[    0.407222] NetLabel:  protocols = UNLABELED CIPSOv4 CALIPSO
[    0.408045] NetLabel:  unlabeled traffic allowed by default
[    0.410178] clocksource: Switched to clocksource kvm-clock
[    0.432631] VFS: Disk quotas dquot_6.6.0
[    0.434227] VFS: Dquot-cache hash table entries: 512 (order 0, 4096 bytes)
[    0.437195] AppArmor: AppArmor Filesystem Enabled
[    0.438960] pnp: PnP ACPI init
[    0.441976] pnp: PnP ACPI: found 3 devices
[    0.453465] clocksource: acpi_pm: mask: 0xffffff max_cycles: 0xffffff, max_idle_ns: 2085701024 ns
[    0.458284] NET: Registered protocol family 2
[    0.460377] IP idents hash table entries: 4096 (order: 3, 32768 bytes)
[    0.463625] TCP established hash table entries: 2048 (order: 2, 16384 bytes)
[    0.467419] TCP bind hash table entries: 2048 (order: 3, 32768 bytes)
[    0.471669] TCP: Hash tables configured (established 2048 bind 2048)
[    0.475408] UDP hash table entries: 256 (order: 1, 8192 bytes)
[    0.478652] UDP-Lite hash table entries: 256 (order: 1, 8192 bytes)
[    0.481895] NET: Registered protocol family 1
[    0.484289] pci 0000:00:00.0: Limiting direct PCI/PCI transfers
[    0.487603] pci 0000:00:01.0: Activating ISA DMA hang workarounds
[    0.491163] pci 0000:00:02.0: Video device with shadowed ROM at [mem 0x000c0000-0x000dffff]
[    0.496566] Unpacking initramfs...
[    1.003433] Freeing initrd memory: 19528K
[    1.004928] clocksource: tsc: mask: 0xffffffffffffffff max_cycles: 0x229833f6470, max_idle_ns: 440795327230 ns
[    1.007994] platform rtc_cmos: registered platform RTC device (no PNP device found)
[    1.011147] Scanning for low memory corruption every 60 seconds
[    1.014212] Initialise system trusted keyrings
[    1.015800] Key type blacklist registered
[    1.017439] workingset: timestamp_bits=36 max_order=16 bucket_order=0
[    1.022325] zbud: loaded
[    1.024120] squashfs: version 4.0 (2009/01/31) Phillip Lougher
[    1.026376] fuse init (API version 7.26)
[    1.028825] Key type asymmetric registered
[    1.030436] Asymmetric key parser 'x509' registered
[    1.032635] Block layer SCSI generic (bsg) driver version 0.4 loaded (major 246)
[    1.035284] io scheduler noop registered
[    1.036822] io scheduler deadline registered
[    1.038539] io scheduler cfq registered (default)
[    1.040641] ACPI: AC Adapter [AC] (on-line)
[    1.042349] input: Power Button as /devices/LNXSYSTM:00/LNXPWRBN:00/input/input0
[    1.044979] ACPI: Power Button [PWRF]
[    1.046480] input: Sleep Button as /devices/LNXSYSTM:00/LNXSLPBN:00/input/input1
[    1.049086] ACPI: Sleep Button [SLPF]
[    1.051823] ACPI: Battery Slot [BAT0] (battery present)
[    1.053885] Serial: 8250/16550 driver, 32 ports, IRQ sharing enabled
[    1.077167] 00:02: ttyS0 at I/O 0x3f8 (irq = 4, base_baud = 115200) is a 16550A
[    1.081609] Linux agpgart interface v0.103
[    1.091663] loop: module loaded
[    1.093668] scsi host0: ata_piix
[    1.094969] scsi host1: ata_piix
[    1.096380] ata1: PATA max UDMA/33 cmd 0x1f0 ctl 0x3f6 bmdma 0xd000 irq 14
[    1.098800] ata2: PATA max UDMA/33 cmd 0x170 ctl 0x376 bmdma 0xd008 irq 15
[    1.102080] tun: Universal TUN/TAP device driver, 1.6
[    1.103980] PPP generic driver version 2.4.2
[    1.105622] ehci_hcd: USB 2.0 'Enhanced' Host Controller (EHCI) Driver
[    1.108210] ehci-pci: EHCI PCI platform driver
[    1.109742] ehci-platform: EHCI generic platform driver
[    1.111956] ohci_hcd: USB 1.1 'Open' Host Controller (OHCI) Driver
[    1.114220] ohci-pci: OHCI PCI platform driver
[    1.115877] ohci-platform: OHCI generic platform driver
[    1.117790] uhci_hcd: USB Universal Host Controller Interface driver
[    1.120251] i8042: PNP: PS/2 Controller [PNP0303:PS2K,PNP0f03:PS2M] at 0x60,0x64 irq 1,12
[    1.123699] serio: i8042 KBD port at 0x60,0x64 irq 1
[    1.125444] serio: i8042 AUX port at 0x60,0x64 irq 12
[    1.127212] mousedev: PS/2 mouse device common for all mice
[    1.129439] input: AT Translated Set 2 keyboard as /devices/platform/i8042/serio0/input/input2
[    1.133452] rtc_cmos rtc_cmos: rtc core: registered rtc_cmos as rtc0
[    1.135633] rtc_cmos rtc_cmos: alarms up to one day, 114 bytes nvram
[    1.137935] i2c /dev entries driver
[    1.139277] device-mapper: uevent: version 1.0.3
[    1.140899] device-mapper: ioctl: 4.37.0-ioctl (2017-09-20) initialised: dm-devel@redhat.com
[    1.143743] ledtrig-cpu: registered to indicate activity on CPUs
[    1.146188] intel_pmc_core:  initialized
[    1.147853] NET: Registered protocol family 10
[    1.153554] Segment Routing with IPv6
[    1.154961] NET: Registered protocol family 17
[    1.156502] Key type dns_resolver registered
[    1.158120] mce: Using 0 MCE banks
[    1.159348] RAS: Correctable Errors collector initialized.
[    1.161381] sched_clock: Marking stable (1161301985, 0)->(1474078753, -312776768)
[    1.164214] registered taskstats version 1
[    1.165742] Loading compiled-in X.509 certificates
[    1.169963] Loaded X.509 cert 'Build time autogenerated kernel key: b5b26778eaa3ab3a4a6cee031137706e947d12ad'
[    1.174290] Loaded X.509 cert 'Canonical Ltd. Live Patch Signing: 14df34d1a87cf37625abec039ef2bf521249b969'
[    1.178100] Loaded X.509 cert 'Canonical Ltd. Kernel Module Signing: 88f752e560a1e0737e31163a466ad7b70a850c19'
[    1.181674] blacklist: Loading compiled-in revocation X.509 certificates
[    1.183874] Loaded X.509 cert 'Canonical Ltd. Secure Boot Signing: 61482aa2830d0ab2ad5af10b7250da9033ddcef0'
[    1.187043] Loaded X.509 cert 'Canonical Ltd. Secure Boot Signing (2017): 242ade75ac4a15e50d50c84b0d45ff3eae707a03'
[    1.190764] Loaded X.509 cert 'Canonical Ltd. Secure Boot Signing (ESM 2018): 365188c1d374d6b07c3c8f240f8ef722433d6a8b'
[    1.194807] Loaded X.509 cert 'Canonical Ltd. Secure Boot Signing (2019): c0746fd6c5da3ae827864651ad66ae47fe24b3e8'
[    1.198377] Loaded X.509 cert 'Canonical Ltd. Secure Boot Signing (2021 v1): a8d54bbb3825cfb94fa13c9f8a594a195c107b8d'
[    1.203354] Loaded X.509 cert 'Canonical Ltd. Secure Boot Signing (2021 v2): 4cf046892d6fd3c9a5b03f98d845f90851dc6a8c'
[    1.207067] Loaded X.509 cert 'Canonical Ltd. Secure Boot Signing (2021 v3): 100437bb6de6e469b581e61cd66bce3ef4ed53af'
[    1.212523] Loaded X.509 cert 'Canonical Ltd. Secure Boot Signing (Ubuntu Core 2019): c1d57b8f6b743f23ee41f4f7ee292f06eecadfb9'
[    1.219746] zswap: loaded using pool lzo/zbud
[    1.225670] Key type big_key registered
[    1.227156] Key type trusted registered
[    1.230488] Key type encrypted registered
[    1.232269] AppArmor: AppArmor sha1 policy hashing enabled
[    1.234330] ima: No TPM chip found, activating TPM-bypass! (rc=-19)
[    1.236323] ima: Allocated hash algorithm: sha1
[    1.237923] evm: HMAC attrs: 0x1
[    1.239423]   Magic number: 4:539:598
[    1.240881] rtc_cmos rtc_cmos: setting system clock to 2024-08-05 20:34:13 UTC (1722890053)
[    1.244068] BIOS EDD facility v0.16 2004-Jun-25, 0 devices found
[    1.246138] EDD information not available.
[    1.287229] Freeing unused kernel image memory: 2480K
[    1.297091] Write protecting the kernel read-only data: 20480k
[    1.300415] Freeing unused kernel image memory: 2008K
[    1.302968] Freeing unused kernel image memory: 1820K
[    1.314968] x86/mm: Checked W+X mappings: passed, no W+X pages found.
[    1.317093] x86/mm: Checking user space page tables
[    1.328422] x86/mm: Checked W+X mappings: passed, no W+X pages found.
Loading, please wait...
starting version 237
[    1.475531] e1000: Intel(R) PRO/1000 Network Driver - version 7.3.21-k8-NAPI
[    1.478111] e1000: Copyright (c) 1999-2006 Intel Corporation.
[    1.486392] Fusion MPT base driver 3.04.20
[    1.487865] Copyright (c) 1999-2008 LSI Corporation
[    1.513335] Fusion MPT SPI Host driver 3.04.20
[    1.543644] mptbase: ioc0: Initiating bringup
[    1.547788] AVX2 version of gcm_enc/dec engaged.
[    1.549598] AES CTR mode by8 optimization enabled
[    1.652935] ioc0: LSI53C1030 A0: Capabilities={Initiator}
[    1.716289] input: ImExPS/2 Generic Explorer Mouse as /devices/platform/i8042/serio1/input/input4
[    1.940539] scsi host2: ioc0: LSI53C1030 A0, FwRev=00000000h, Ports=1, MaxQ=256, IRQ=20
[    2.118828] scsi 2:0:0:0: Direct-Access     VBOX     HARDDISK         1.0  PQ: 0 ANSI: 5
[    2.123234] scsi target2:0:0: Beginning Domain Validation
[    2.127875] scsi target2:0:0: Domain Validation skipping write tests
[    2.131230] scsi target2:0:0: Ending Domain Validation
[    2.134982] scsi target2:0:0: asynchronous
[    2.138110] scsi 2:0:1:0: Direct-Access     VBOX     HARDDISK         1.0  PQ: 0 ANSI: 5
[    2.142978] scsi target2:0:1: Beginning Domain Validation
[    2.148340] scsi target2:0:1: Domain Validation skipping write tests
[    2.152054] scsi target2:0:1: Ending Domain Validation
[    2.165563] scsi target2:0:1: asynchronous
[    2.268617] sd 2:0:0:0: Attached scsi generic sg0 type 0
[    2.271810] sd 2:0:0:0: [sda] 83886080 512-byte logical blocks: (42.9 GB/40.0 GiB)
[    2.278537] sd 2:0:1:0: [sdb] 20480 512-byte logical blocks: (10.5 MB/10.0 MiB)
[    2.286696] sd 2:0:1:0: Attached scsi generic sg1 type 0
[    2.303519] sd 2:0:0:0: [sda] Write Protect is off
[    2.307313] sd 2:0:1:0: [sdb] Write Protect is off
[    2.310477] sd 2:0:0:0: [sda] Incomplete mode parameter data
[    2.317984] sd 2:0:0:0: [sda] Assuming drive cache: write through
[    2.329107] sd 2:0:1:0: [sdb] Incomplete mode parameter data
[    2.333666] sd 2:0:1:0: [sdb] Assuming drive cache: write through
[    2.411949]  sda: sda1
[    2.422491] sd 2:0:1:0: [sdb] Attached SCSI disk
[    2.454640] sd 2:0:0:0: [sda] Attached SCSI disk
[    2.787353] e1000 0000:00:03.0 eth0: (PCI:33MHz:32-bit) 02:3b:7b:b7:3b:2d
[    2.790782] e1000 0000:00:03.0 eth0: Intel(R) PRO/1000 Network Connection
[    3.473461] e1000 0000:00:08.0 eth1: (PCI:33MHz:32-bit) 08:00:27:71:d8:55
[    3.479325] e1000 0000:00:08.0 eth1: Intel(R) PRO/1000 Network Connection
[    3.495824] e1000 0000:00:08.0 enp0s8: renamed from eth1
[    3.512830] e1000 0000:00:03.0 enp0s3: renamed from eth0
Begin: Loading essential drivers ... [    6.116209] raid6: sse2x1   gen()  5890 MB/s
[    6.164201] raid6: sse2x1   xor()  4669 MB/s
[    6.212073] raid6: sse2x2   gen()  8490 MB/s
[    6.260056] raid6: sse2x2   xor()  5240 MB/s
[    6.308052] raid6: sse2x4   gen()  8294 MB/s
[    6.356070] raid6: sse2x4   xor()  5336 MB/s
[    6.404088] raid6: avx2x1   gen() 11294 MB/s
[    6.452085] raid6: avx2x1   xor()  8334 MB/s
[    6.500074] raid6: avx2x2   gen() 14443 MB/s
[    6.548177] raid6: avx2x2   xor()  5217 MB/s
[    6.596130] raid6: avx2x4   gen() 14707 MB/s
[    6.644535] raid6: avx2x4   xor()  5517 MB/s
[    6.650500] raid6: using algorithm avx2x4 gen() 14707 MB/s
[    6.654443] raid6: .... xor() 5517 MB/s, rmw enabled
[    6.656996] raid6: using avx2x2 recovery algorithm
[    6.665752] xor: automatically using best checksumming function   avx       
[    6.673378] async_tx: api initialized (async)
done.
Begin: Running /scripts/init-premount ... done.
Begin: Mounting root file system ... Begin: Running /scripts/local-top ... done.
Begin: Running /scripts/local-premount ... [    6.839356] Btrfs loaded, crc32c=crc32c-intel
Scanning for Btrfs filesystems
done.
Warning: fsck not present, so skipping root file system
[    7.066132] EXT4-fs (sda1): mounted filesystem with ordered data mode. Opts: (null)
done.
Begin: Running /scripts/local-bottom ... done.
Begin: Running /scripts/init-bottom ... done.
[    8.733114] ip_tables: (C) 2000-2006 Netfilter Core Team
[    8.842351] systemd[1]: systemd 237 running in system mode. (+PAM +AUDIT +SELINUX +IMA +APPARMOR +SMACK +SYSVINIT +UTMP +LIBCRYPTSETUP +GCRYPT +GNUTLS +ACL +XZ +LZ4 +SECCOMP +BLKID +ELFUTILS +KMOD -IDN2 +IDN -PCRE2 default-hierarchy=hybrid)
[    8.852237] systemd[1]: Detected virtualization oracle.
[    8.854225] systemd[1]: Detected architecture x86-64.

Welcome to [1mUbuntu 18.04.6 LTS[0m!

[    8.921784] systemd[1]: Set hostname to <ubuntu>.
[    8.980929] systemd[1]: Initializing machine ID from random generator.
[    8.985564] systemd[1]: Installed transient /etc/machine-id file.
[   11.107569] systemd[1]: Reached target Swap.
[[0;32m  OK  [0m] Reached target Swap.
[   11.113024] systemd[1]: Reached target Mounting snaps.
[[0;32m  OK  [0m] Reached target Mounting snaps.
[   11.122871] systemd[1]: Reached target System Time Synchronized.
[[0;32m  OK  [0m] Reached target System Time Synchronized.
[   11.129548] systemd[1]: Set up automount Arbitrary Executable File Formats File System Automount Point.
[[0;32m  OK  [0m] Set up automount Arbitrary Executab…rmats File System Automount Point.
[[0;32m  OK  [0m] Reached target Mounted snaps.
[[0;32m  OK  [0m] Created slice System Slice.
[[0;32m  OK  [0m] Listening on Syslog Socket.
[[0;32m  OK  [0m] Listening on udev Kernel Socket.
[[0;32m  OK  [0m] Listening on Journal Socket.
         Starting Set the console keyboard layout...
[[0;32m  OK  [0m] Listening on LVM2 metadata daemon socket.
[[0;32m  OK  [0m] Listening on Network Service Netlink Socket.
[[0;32m  OK  [0m] Listening on /dev/initctl Compatibility Named Pipe.
         Mounting Kernel Debug File System...
[[0;32m  OK  [0m] Created slice system-serial\x2dgetty.slice.
         Starting Load Kernel Modules...
         Mounting Huge Pages File System...
[[0;32m  OK  [0m] Listening on fsck to fsckd communication Socket.
         Mounting POSIX Message Queue File System...
[[0;32m  OK  [0m] Listening on Journal Audit Socket.
[[0;32m  OK  [0m] Listening on udev Control Socket.
[[0;32m  OK  [0m] Listening on LVM2 poll daemon socket.
[[0;32m  OK  [0m] Listening on Journal Socket (/dev/log).
         Starting Uncomplicated firewall...
         Starting udev Coldplug all Devices...
         Starting Create list of required st…ce nodes for the current kernel...
[[0;32m  OK  [0m] Started Forward Password Requests to Wall Directory Watch.
[[0;32m  OK  [0m] Reached target User and Group Name Lookups.
         Starting Journal Service...
[[0;32m  OK  [0m] Listening on Device-mapper event daemon FIFOs.
         Starting Monitoring of LVM2 mirrors…ng dmeventd or progress polling...[   11.527549] Loading iSCSI transport class v2.0-870.

[[0;32m  OK  [0m] Created slice User and Session Slice.
[[0;32m  OK  [0m] Reached target Slices.
         Starting File System Check on Root Device...
[[0;32m  OK  [0m] Mounted Kernel Debug File System.
[[0;32m  OK  [0m] Mounted Huge Pages File System.
[[0;32m  OK  [0m] Mounted POSIX Message Queue File System.
[[0;32m  OK  [0m] Started Create list of required sta…vice nodes for the current kernel.
         Starting Create Static Device Nodes in /dev...
[[0;32m  OK  [0m] Started udev Coldplug all Devices.
[   11.867098] iscsi: registered transport (tcp)
[[0;32m  OK  [0m] Started File System Check D 